<?xml version="1.0" encoding="UTF-8"?>
<!-- Generated by org.testng.reporters.JUnitXMLReporter -->
<testsuite ignored="5" hostname="DESKTOP-24M7K4D" failures="0" tests="5" name="Test" time="247.611" errors="0" timestamp="2023-07-18T13:57:30 IST">
  <testcase classname="com.bhim.npci.endtoend.TransactionTest" name="sendInvalidAmountTest" time="28.88"/>
  <testcase classname="com.bhim.npci.endtoend.TransactionTest" name="enteringWrongPinWhileSendingMoneyTest" time="33.211"/>
  <testcase classname="com.bhim.npci.endtoend.TransactionTest" name="sendingMoneyToContactAndValidateBalanceTest" time="65.33"/>
  <testcase classname="com.bhim.npci.endtoend.HomeTest" name="checkingBalanceAndVerifyTest" time="36.358"/>
  <testcase classname="com.bhim.npci.endtoend.LanguageTest" name="verifyLanguageTest" time="26.864"/>
  <testcase classname="com.bhim.npci.genericutility.BaseClass" name="@AfterSuite config_AS" time="0.0">
    <ignored/>
  </testcase> <!-- @AfterSuite config_AS -->
  <testcase classname="com.bhim.npci.genericutility.BaseClass" name="@BeforeSuite config_BS" time="0.0">
    <ignored/>
  </testcase> <!-- @BeforeSuite config_BS -->
  <testcase classname="com.bhim.npci.genericutility.BaseClass" name="@AfterSuite config_AS" time="0.0">
    <ignored/>
  </testcase> <!-- @AfterSuite config_AS -->
  <testcase classname="com.bhim.npci.genericutility.BaseClass" name="@BeforeSuite config_BS" time="0.0">
    <ignored/>
  </testcase> <!-- @BeforeSuite config_BS -->
  <testcase classname="com.bhim.npci.endtoend.TransactionTest" name="payThroughScanner" time="0.0">
    <ignored/>
  </testcase> <!-- payThroughScanner -->
</testsuite> <!-- Test -->
